<?xml version="1.0" encoding="UTF-8"?>
<!-- Generated by org.testng.reporters.JUnitXMLReporter -->
<testsuite ignored="0" hostname="Laptop-OBS-264" failures="2" tests="2" name="TestRunner2" time="139.541" errors="0" timestamp="10 Nov 2023 06:56:50 GMT">
  <testcase classname="tests.TestScenario1" name="TestCase1" time="70.239">
    <failure type="java.lang.AssertionError" message="expected [Company 14999] but found [Company 13412]">
      <![CDATA[java.lang.AssertionError: expected [Company 14999] but found [Company 13412]
at pages.SettingsPage.createCompanies(SettingsPage.java:63)
at tests.TestScenario1.TestCase1(TestScenario1.java:19)
at java.base/java.util.concurrent.FutureTask.run(FutureTask.java:317)
at java.base/java.util.concurrent.ThreadPoolExecutor.runWorker(ThreadPoolExecutor.java:1144)
at java.base/java.util.concurrent.ThreadPoolExecutor$Worker.run(ThreadPoolExecutor.java:642)
at java.base/java.lang.Thread.run(Thread.java:1623)
... Removed 20 stack frames]]>
    </failure>
  </testcase> <!-- TestCase1 -->
  <testcase classname="tests.TestScenario1" name="TestCase2" time="32.833">
    <failure type="java.lang.AssertionError" message="Unable to click: By.xpath: //span[text()=&amp;apos;Choose Location&amp;apos;]">
      <![CDATA[java.lang.AssertionError: Unable to click: By.xpath: //span[text()='Choose Location']
at pages.DeliveryBookingPage.deliveryBooking(DeliveryBookingPage.java:67)
at tests.TestScenario1.TestCase2(TestScenario1.java:34)
at java.base/java.util.concurrent.FutureTask.run(FutureTask.java:317)
at java.base/java.util.concurrent.ThreadPoolExecutor.runWorker(ThreadPoolExecutor.java:1144)
at java.base/java.util.concurrent.ThreadPoolExecutor$Worker.run(ThreadPoolExecutor.java:642)
at java.base/java.lang.Thread.run(Thread.java:1623)
... Removed 15 stack frames]]>
    </failure>
  </testcase> <!-- TestCase2 -->
</testsuite> <!-- TestRunner2 -->
