<?xml version="1.0" encoding="UTF-8"?>
<!-- Generated by org.testng.reporters.JUnitReportReporter -->
<testsuite hostname="Laptop-OBS-264" failures="1" tests="3" name="tests.TestScenario2" time="58.764" errors="0" timestamp="14 Aug 2023 11:58:23 GMT" skipped="0">
  <testcase classname="tests.TestScenario2" name="TestCase6" time="20.679"/>
  <testcase classname="tests.TestScenario2" name="TestCase4" time="28.981">
    <failure message="Unable to Login. Unable locate employee" type="java.lang.AssertionError">
      <![CDATA[java.lang.AssertionError: Unable to Login. Unable locate employee
at org.testng.Assert.fail(Assert.java:96)
at pages.LoginPage.checkData(LoginPage.java:56)
at tests.TestScenario2.TestCase4(TestScenario2.java:14)
at java.base/jdk.internal.reflect.DirectMethodHandleAccessor.invoke(DirectMethodHandleAccessor.java:104)
at java.base/java.lang.reflect.Method.invoke(Method.java:578)
at org.testng.internal.MethodInvocationHelper.invokeMethod(MethodInvocationHelper.java:124)
at org.testng.internal.Invoker.invokeMethod(Invoker.java:583)
at org.testng.internal.Invoker.invokeTestMethod(Invoker.java:719)
at org.testng.internal.Invoker.invokeTestMethods(Invoker.java:989)
at org.testng.internal.TestMethodWorker.invokeTestMethods(TestMethodWorker.java:125)
at org.testng.internal.TestMethodWorker.run(TestMethodWorker.java:109)
at org.testng.TestRunner.privateRun(TestRunner.java:648)
at org.testng.TestRunner.run(TestRunner.java:505)
at org.testng.SuiteRunner.runTest(SuiteRunner.java:455)
at org.testng.SuiteRunner.access$000(SuiteRunner.java:40)
at org.testng.SuiteRunner$SuiteWorker.run(SuiteRunner.java:489)
at org.testng.internal.thread.ThreadUtil$1.call(ThreadUtil.java:52)
at java.base/java.util.concurrent.FutureTask.run(FutureTask.java:317)
at java.base/java.util.concurrent.ThreadPoolExecutor.runWorker(ThreadPoolExecutor.java:1144)
at java.base/java.util.concurrent.ThreadPoolExecutor$Worker.run(ThreadPoolExecutor.java:642)
at java.base/java.lang.Thread.run(Thread.java:1623)
]]>
    </failure>
  </testcase> <!-- TestCase4 -->
  <testcase classname="tests.TestScenario2" name="TestCase5" time="9.104"/>
</testsuite> <!-- tests.TestScenario2 -->
